<?xml version="1.0" encoding="UTF-8"?>
<!-- Generated by org.testng.reporters.JUnitReportReporter -->
<testsuite hostname="ISW-230805-1456" failures="0" tests="1" name="testcase.Subscriptiontestcase" time="16.940" errors="0" timestamp="2024-08-15T10:36:41 WAT" skipped="0">
  <testcase classname="testcase.Subscriptiontestcase" name="loginSuccessfully" time="16.940"/>
</testsuite> <!-- testcase.Subscriptiontestcase -->
