<?xml version="1.0" encoding="UTF-8"?>
<!-- Generated by org.testng.reporters.JUnitReportReporter -->
<testsuite hostname="ISW-230805-1456" failures="0" tests="1" name="testcase.logouttestcase" time="8.662" errors="0" timestamp="2024-07-30T13:12:33 WAT" skipped="0">
  <testcase classname="testcase.logouttestcase" name="loginSuccessfully" time="8.662"/>
</testsuite> <!-- testcase.logouttestcase -->
