<?xml version="1.0" encoding="UTF-8"?>
<!-- Generated by org.testng.reporters.JUnitReportReporter -->
<testsuite hostname="ISW-230805-1456" failures="0" tests="1" name="testcase.Subscriptiontestcase2" time="19.719" errors="0" timestamp="2024-08-15T10:34:32 WAT" skipped="0">
  <testcase classname="testcase.Subscriptiontestcase2" name="loginSuccessfully" time="19.719"/>
</testsuite> <!-- testcase.Subscriptiontestcase2 -->
