<?xml version="1.0" encoding="UTF-8"?>
<!-- Generated by org.testng.reporters.JUnitReportReporter -->
<testsuite hostname="ISW-230805-1456" failures="0" tests="1" name="testcase.logintestcase" time="9.919" errors="0" timestamp="2024-07-26T13:38:43 WAT" skipped="0">
  <testcase classname="testcase.logintestcase" name="loginSuccessfully" time="9.919"/>
</testsuite> <!-- testcase.logintestcase -->
