<?xml version="1.0" encoding="UTF-8"?>
<!-- Generated by org.testng.reporters.JUnitReportReporter -->
<testsuite hostname="ISW-230805-1456" failures="0" tests="1" name="testcase.Incorrectlogindetails" time="8.297" errors="0" timestamp="2024-07-26T13:45:02 WAT" skipped="0">
  <testcase classname="testcase.Incorrectlogindetails" name="loginSuccessfully" time="8.297"/>
</testsuite> <!-- testcase.Incorrectlogindetails -->
